IQ-TREE multicore version 2.2.0.3 COVID-edition for Linux 64-bit built Aug  2 2022
Developed by Bui Quang Minh, James Barbetti, Nguyen Lam Tung,
Olga Chernomor, Heiko Schmidt, Dominik Schrempf, Michael Woodhams, Ly Trong Nhan.

Host:    dell-ubuntu (AVX2, FMA3, 15 GB RAM)
Command: iqtree -s resources/darios_program/supermatrix_cladobranchs_new_59spp_dorids_darios_program_reduced.fas -st AA -spp results/Darios_program/charset_Darios_program.nex -pre results/Darios_program/modelfinder/BestModels_aa -nt 3 -m MF -msub nuclear -mrate E,I,G,I+G,R -cmin 2 -cmax 15 -madd LG4X,LG4M -safe -merit AICc
Seed:    510877 (Using SPRNG - Scalable Parallel Random Number Generator)
Time:    Wed Jan  4 13:26:46 2023
Kernel:  Safe AVX+FMA - 3 threads (12 CPU cores detected)

Reading partition model file results/Darios_program/charset_Darios_program.nex ...
Reading alignment file resources/darios_program/supermatrix_cladobranchs_new_59spp_dorids_darios_program_reduced.fas ... Fasta format detected
Reading fasta file: done in 0.075388 secs using 99.65% CPU
Alignment most likely contains protein sequences
Constructing alignment: done in 0.140063 secs using 85.54% CPU
WARNING: 5 sites contain only gaps or ambiguous characters.
Alignment has 70 sequences with 73664 columns, 57069 distinct patterns
33336 parsimony-informative, 9906 singleton sites, 30422 constant sites
                                  Gap/Ambiguity  Composition  p-value
Analyzing sequences: done in 0.0231774 secs using 307% CPU
   1  NC08_Tritonia_hamnerorum            9.89%    passed     93.17%
   2  JG23_Melibe_leonina                20.30%    passed      6.37%
   3  AD02_Okenia_liklik                 15.61%    passed     96.69%
   4  NC01_Armina_californica            13.12%    passed     90.43%
   5  HW11_Eubranchus_exiguus            13.91%    passed     65.85%
   6  HW07_Cuthona_caerulea              11.64%    passed     77.57%
   7  HW13_Favorinus_branchialis         13.87%    failed      0.36%
   8  HW19_Polycera_quadrilineata        11.18%    passed     88.41%
   9  HW17_Hermissenda_crassicornis      17.81%    passed     96.01%
  10  HW20_Spurilla_neapolitana          17.72%    passed     20.81%
  11  AD01_Hypselodoris_emma             25.20%    failed      0.78%
  12  NC02_Bathydoris_clavigera          17.07%    passed     72.78%
  13  AD54_Goniodoris_nodosa             23.57%    passed     86.31%
  14  JG01_Aeolidiella_alba              33.80%    passed     18.73%
  15  HW21_Tritonia_manicata             12.06%    passed     98.18%
  16  JG06_Catriona_columbiana           28.23%    passed     88.58%
  17  JG21_Limenandra_confusa            28.26%    passed     88.51%
  18  HW16_Hancockia_cfuncinata          12.34%    passed     96.04%
  19  JG25_Palisa_papillata              23.86%    passed     41.00%
  20  AD57_Onchidoris_muricata           33.49%    failed      0.69%
  21  JG24_Noumeaella_rubrofasciata      24.79%    passed     22.06%
  22  AD110_Acanthodoris_pilosa           9.70%    passed     55.64%
  23  HW05_Caloria_elegans               11.49%    passed     87.85%
  24  JG29_Spurilla_braziliana           26.36%    passed     93.20%
  25  AD45_Lophodoris_danielsseni        20.03%    passed     77.02%
  26  HW12_Facelina_rubrovittata          9.65%    passed     99.58%
  27  AD58_Limacia_clavigera             11.99%    passed     74.29%
  28  JG19_Janolus_barbarensis           42.75%    failed      0.13%
  29  JG18_Hermissenda_opalescens        22.74%    passed     98.31%
  30  JG22_Lomanotus_vermiformis         29.04%    passed     90.09%
  31  AD111_Adalaria_loveni              12.92%    failed      2.71%
  32  NC04_Fiona_pinnata                 21.78%    passed     78.14%
  33  JG32_Unidentia_angelvaldesi        17.32%    passed     62.07%
  34  JG03_Austraeolis_stearnsi          22.96%    passed     90.24%
  35  HW18_Janolus_cristatus             12.33%    passed     60.47%
  36  JG14_Eubranchus_rustyus            22.87%    passed     92.81%
  37  JG13_Doto_lancei                   31.93%    failed      1.63%
  38  JG16_Flabellina_iodinea            14.90%    passed     98.15%
  39  JG15_Favorinus_auritulus           21.41%    passed     20.19%
  40  JG20_Learchis_evelinae             28.41%    passed     92.07%
  41  JG27_Phidiana_lynceus              21.95%    passed     98.07%
  42  JG08_Dendronotus_venustus          18.37%    passed     69.37%
  43  JG11_Dondice_occidentalis          25.13%    passed     44.80%
  44  HW01_Armina_tigrina                18.25%    passed     91.88%
  45  NC05_Hermissenda_crassicornis      15.95%    passed     93.28%
  46  AD81_Ancula_gibbosa                12.89%    passed     97.14%
  47  JG17_Hancockia_uncinata            19.08%    passed     87.40%
  48  NC07_Tritonia_diomedea              9.56%    passed     99.85%
  49  HW03_Berthella_plumula             18.70%    failed      0.00%
  50  AD69_Aegires_punctilucens          20.18%    passed     63.62%
  51  JG04_Berghia_stephanieae           25.73%    passed     97.05%
  52  HW02_Berghia_verrucicornis         13.10%    passed     99.98%
  53  JG07_Cuthona_albocrusta            26.90%    passed     83.62%
  54  JG02_Antaeolidiella_chromosoma     35.44%    failed      0.92%
  55  AD109_Cadlina_laevis               23.55%    passed     54.49%
  56  JG26_Phestilla_sp                  28.75%    passed     30.10%
  57  JG10_Dirona_picta                  24.06%    passed     16.26%
  58  NC06_Pleurobranchaea_californica   17.06%    passed     22.52%
  59  HW09_Doto_sp                       13.24%    passed     95.66%
  60  HW10_Embletonia_pulchra            13.90%    passed     99.85%
  61  JG12_Dondice_parguerensis          21.40%    passed     85.21%
  62  HW14_Flabellina_affinis            27.79%    passed     77.85%
  63  HW06_Cratena_peregrina             20.58%    passed     56.53%
  64  JG30_Tritonia_festiva              35.57%    failed      1.25%
  65  HW15_Flabellina_babai              19.93%    passed     99.40%
  66  HW08_Dendronotus_orientalis        68.74%    failed      0.00%
  67  JG28_Scyllaea_fulva                20.19%    passed     18.57%
  68  JG31_Tritoniopsis_frydis           38.64%    passed     78.51%
  69  JG09_Dermatobranchus_sp            49.64%    failed      0.90%
  70  JG05_Bornella_anguilla             39.14%    failed      0.01%
WARNING: 1 sequences contain more than 50% gaps/ambiguity
****  TOTAL                              22.02%  12 sequences failed composition chi2 test (p-value<5%; df=19)
NOTE: No CharPartition defined, use all CharSets

Loading 160 partitions...
Identifying sites to remove: done in 0.00143303 secs using 493.9% CPU
Identifying sites to remove: done in 0.00107531 secs using 99.79% CPU
Identifying sites to remove: done in 0.000668626 secs using 90.33% CPU
Identifying sites to remove: done in 0.000288353 secs using 99.18% CPU
Identifying sites to remove: done in 0.00016708 secs using 99.35% CPU
Identifying sites to remove: done in 0.000442978 secs using 99.78% CPU
Identifying sites to remove: done in 0.000713883 secs using 90.63% CPU
Subset	Type	Seqs	Sites	Infor	Invar	Model	Name
1	AA	70	463	177	210	MF	3133at6447
2	AA	70	173	71	89	MF	7677at6447
3	AA	70	365	228	106	MF	3966at6447
4	AA	70	1183	322	609	MF	224at6447
5	AA	70	936	441	381	MF	815at6447
6	AA	70	647	190	384	MF	1393at6447
7	AA	70	468	195	99	MF	6825at6447
8	AA	70	1260	684	438	MF	399at6447
9	AA	70	797	482	158	MF	772at6447
10	AA	70	451	303	95	MF	2020at6447
11	AA	70	216	120	56	MF	9697at6447
12	AA	70	729	397	208	MF	958at6447
13	AA	70	415	241	118	MF	4937at6447
14	AA	70	555	250	211	MF	1676at6447
15	AA	70	176	86	64	MF	5496at6447
16	AA	68	1458	530	692	MF	410at6447
17	AA	70	480	129	304	MF	3028at6447
18	AA	70	416	177	185	MF	6082at6447
19	AA	70	644	231	318	MF	1650at6447
20	AA	70	582	197	324	MF	3434at6447
21	AA	70	1152	411	535	MF	619at6447
22	AA	70	578	139	272	MF	1739at6447
23	AA	70	157	32	112	MF	9656at6447
24	AA	70	653	420	153	MF	606at6447
25	AA	65	821	383	239	MF	428at6447
26	AA	70	125	71	42	MF	10944at6447
27	AA	70	603	195	349	MF	3491at6447
28	AA	70	178	44	103	MF	7438at6447
29	AA	70	375	160	156	MF	4494at6447
30	AA	70	169	64	83	MF	9777at6447
31	AA	70	488	55	392	MF	3414at6447
32	AA	70	123	67	40	MF	8737at6447
33	AA	70	806	268	448	MF	1230at6447
34	AA	70	237	171	39	MF	9333at6447
35	AA	70	627	185	360	MF	3652at6447
36	AA	70	165	85	70	MF	8867at6447
37	AA	70	192	75	111	MF	6577at6447
38	AA	70	907	177	639	MF	794at6447
39	AA	70	1018	549	282	MF	441at6447
40	AA	70	193	92	56	MF	9409at6447
41	AA	70	1419	493	661	MF	613at6447
42	AA	70	207	44	153	MF	7530at6447
43	AA	70	132	71	45	MF	11238at6447
44	AA	70	257	202	33	MF	7100at6447
45	AA	70	915	422	295	MF	784at6447
46	AA	70	536	239	159	MF	1803at6447
47	AA	70	563	361	102	MF	9463at6447
48	AA	70	779	158	513	MF	594at6447
49	AA	70	891	555	146	MF	7343at6447
50	AA	70	694	229	365	MF	2740at6447
51	AA	70	804	356	297	MF	1764at6447
52	AA	70	840	145	621	MF	678at6447
53	AA	70	553	224	264	MF	6094at6447
54	AA	70	343	184	98	MF	5762at6447
55	AA	70	187	63	95	MF	7184at6447
56	AA	69	620	436	92	MF	460at6447
57	AA	70	128	44	66	MF	7903at6447
58	AA	70	112	42	64	MF	10883at6447
59	AA	70	401	74	298	MF	2378at6447
60	AA	70	480	305	85	MF	7101at6447
61	AA	67	286	132	114	MF	10940at6447
62	AA	70	583	306	212	MF	6411at6447
63	AA	70	199	83	94	MF	8335at6447
64	AA	70	211	72	115	MF	10412at6447
65	AA	68	152	69	67	MF	8299at6447
66	AA	70	349	261	63	MF	4203at6447
67	AA	70	268	108	127	MF	7859at6447
68	AA	70	1325	157	1090	MF	209at6447
69	AA	70	163	72	63	MF	9605at6447
70	AA	70	296	128	109	MF	6609at6447
71	AA	70	309	124	137	MF	4340at6447
72	AA	64	243	199	29	MF	1384at6447
73	AA	70	279	112	107	MF	6055at6447
74	AA	70	546	443	68	MF	2755at6447
75	AA	70	339	277	45	MF	7902at6447
76	AA	70	842	333	384	MF	2893at6447
77	AA	70	210	91	87	MF	9900at6447
78	AA	70	104	65	32	MF	11708at6447
79	AA	70	791	373	338	MF	1850at6447
80	AA	70	408	103	262	MF	3108at6447
81	AA	70	108	54	42	MF	11559at6447
82	AA	70	210	54	143	MF	6812at6447
83	AA	70	242	63	160	MF	7974at6447
84	AA	70	321	113	171	MF	8334at6447
85	AA	70	736	468	166	MF	2147at6447
86	AA	70	460	279	134	MF	2409at6447
87	AA	70	1028	355	554	MF	592at6447
88	AA	70	424	300	73	MF	3359at6447
89	AA	70	653	446	92	MF	3127at6447
90	AA	70	511	240	202	MF	4522at6447
91	AA	70	579	402	129	MF	916at6447
92	AA	61	831	318	373	MF	476at6447
93	AA	70	376	205	132	MF	7742at6447
94	AA	70	219	81	109	MF	10060at6447
95	AA	70	282	239	25	MF	4500at6447
96	AA	70	210	76	111	MF	9513at6447
97	AA	70	477	336	72	MF	2507at6447
98	AA	70	307	107	158	MF	6669at6447
99	AA	70	210	81	98	MF	6915at6447
100	AA	70	172	70	73	MF	10463at6447
101	AA	70	224	87	110	MF	6834at6447
102	AA	70	505	156	308	MF	2232at6447
103	AA	70	126	52	61	MF	9601at6447
104	AA	70	344	219	77	MF	6084at6447
105	AA	70	107	71	25	MF	11360at6447
106	AA	70	202	55	127	MF	9408at6447
107	AA	70	161	67	70	MF	11284at6447
108	AA	70	460	348	67	MF	4543at6447
109	AA	70	319	108	174	MF	4731at6447
110	AA	70	323	85	211	MF	4994at6447
111	AA	70	549	151	350	MF	1580at6447
112	AA	70	432	137	258	MF	1954at6447
113	AA	70	368	184	136	MF	7319at6447
114	AA	70	631	233	324	MF	1812at6447
115	AA	70	269	95	122	MF	11274at6447
116	AA	70	136	104	19	MF	10553at6447
117	AA	70	299	140	117	MF	8307at6447
118	AA	70	477	204	209	MF	2738at6447
119	AA	70	455	259	146	MF	5170at6447
120	AA	70	243	108	108	MF	6744at6447
121	AA	70	168	97	54	MF	10880at6447
122	AA	70	641	545	73	MF	1232at6447
123	AA	70	421	146	237	MF	2805at6447
124	AA	70	230	113	96	MF	8469at6447
125	AA	70	197	86	91	MF	9041at6447
126	AA	70	216	95	99	MF	8427at6447
127	AA	70	125	72	35	MF	11435at6447
128	AA	70	294	96	156	MF	5493at6447
129	AA	70	563	338	127	MF	4223at6447
130	AA	70	304	171	99	MF	8929at6447
131	AA	70	383	118	209	MF	5953at6447
132	AA	70	542	133	349	MF	2589at6447
133	AA	70	297	116	146	MF	4423at6447
134	AA	70	225	138	65	MF	11400at6447
135	AA	70	276	112	138	MF	6178at6447
136	AA	70	570	341	135	MF	1315at6447
137	AA	70	608	403	121	MF	1950at6447
138	AA	70	103	66	20	MF	11607at6447
139	AA	70	691	193	424	MF	1797at6447
140	AA	70	508	146	318	MF	1772at6447
141	AA	70	164	85	60	MF	10128at6447
142	AA	70	611	341	108	MF	4112at6447
143	AA	70	150	109	31	MF	9021at6447
144	AA	70	510	241	226	MF	2296at6447
145	AA	70	234	144	70	MF	8528at6447
146	AA	70	875	517	215	MF	1077at6447
147	AA	70	296	218	53	MF	10102at6447
148	AA	70	986	257	635	MF	668at6447
149	AA	70	208	59	141	MF	7246at6447
150	AA	70	1375	892	349	MF	10361at6447
151	AA	70	323	229	64	MF	5774at6447
152	AA	70	712	473	88	MF	11027at6447
153	AA	70	395	229	130	MF	5341at6447
154	AA	70	348	205	118	MF	11265at6447
155	AA	70	298	161	105	MF	6322at6447
156	AA	70	837	241	481	MF	701at6447
157	AA	70	496	247	191	MF	3952at6447
158	AA	70	540	200	274	MF	2342at6447
159	AA	70	945	356	489	MF	1248at6447
160	AA	70	268	208	41	MF	7265at6447
Degree of missing data: 0.003
Info: multi-threading strategy over partitions



Create initial parsimony tree by phylogenetic likelihood library (PLL)... 2.192 seconds
Perform fast likelihood tree search using LG+I+G model...
Estimate model parameters (epsilon = 5.000)
Initial log-likelihood: -1878831.406
