IQ-TREE multicore version 2.2.0.3 COVID-edition for Linux 64-bit built Aug  2 2022
Developed by Bui Quang Minh, James Barbetti, Nguyen Lam Tung,
Olga Chernomor, Heiko Schmidt, Dominik Schrempf, Michael Woodhams, Ly Trong Nhan.

Host:    dell-ubuntu (AVX2, FMA3, 15 GB RAM)
Command: iqtree -s resources/julias_program/supermatrix_cladobranchs_new_59spp_dorids_julias_program_reduced.fas -st AA -spp results/Julias_program/charset_Julias_program.nex -pre results/Julias_program/modelfinder/BestModels_aa -nt 3 -m MF -msub nuclear -mrate E,I,G,I+G,R -cmin 2 -cmax 15 -madd LG4X,LG4M -safe -merit AICc
Seed:    501630 (Using SPRNG - Scalable Parallel Random Number Generator)
Time:    Wed Jan  4 13:26:46 2023
Kernel:  Safe AVX+FMA - 3 threads (12 CPU cores detected)

Reading partition model file results/Julias_program/charset_Julias_program.nex ...
Reading alignment file resources/julias_program/supermatrix_cladobranchs_new_59spp_dorids_julias_program_reduced.fas ... Fasta format detected
Reading fasta file: done in 0.0994069 secs using 83.47% CPU
Alignment most likely contains protein sequences
Constructing alignment: done in 0.236127 secs using 82.16% CPU
WARNING: 59 sites contain only gaps or ambiguous characters.
Alignment has 70 sequences with 95861 columns, 82304 distinct patterns
45459 parsimony-informative, 13666 singleton sites, 36736 constant sites
                                  Gap/Ambiguity  Composition  p-value
Analyzing sequences: done in 0.0686374 secs using 298.9% CPU
   1  HW14_Flabellina_affinis            31.72%    passed     22.14%
   2  JG11_Dondice_occidentalis          28.21%    passed     31.00%
   3  AD81_Ancula_gibbosa                16.76%    passed     20.23%
   4  HW11_Eubranchus_exiguus            13.92%    passed     79.33%
   5  NC04_Fiona_pinnata                 23.22%    passed     27.18%
   6  AD01_Hypselodoris_emma             26.39%    failed      0.27%
   7  NC05_Hermissenda_crassicornis      19.37%    passed     89.98%
   8  HW12_Facelina_rubrovittata          9.67%    passed     98.77%
   9  NC08_Tritonia_hamnerorum           10.01%    passed     97.99%
  10  JG24_Noumeaella_rubrofasciata      35.03%    passed     83.41%
  11  AD57_Onchidoris_muricata           35.88%    failed      0.00%
  12  JG26_Phestilla_sp                  32.59%    passed     44.80%
  13  NC02_Bathydoris_clavigera          19.30%    passed     57.44%
  14  AD58_Limacia_clavigera             13.01%    passed     63.33%
  15  JG15_Favorinus_auritulus           24.82%    passed     75.92%
  16  JG03_Austraeolis_stearnsi          23.84%    passed     69.65%
  17  AD110_Acanthodoris_pilosa          11.42%    passed     28.24%
  18  HW18_Janolus_cristatus             13.36%    passed     86.35%
  19  HW16_Hancockia_cfuncinata          13.76%    passed     91.40%
  20  JG01_Aeolidiella_alba              42.93%    passed     78.23%
  21  AD54_Goniodoris_nodosa             25.11%    passed     67.98%
  22  AD109_Cadlina_laevis               28.21%    passed      5.63%
  23  HW21_Tritonia_manicata             10.94%    passed     86.34%
  24  JG04_Berghia_stephanieae           27.00%    passed     97.97%
  25  JG06_Catriona_columbiana           35.97%    passed     40.79%
  26  HW03_Berthella_plumula             18.46%    failed      0.00%
  27  JG16_Flabellina_iodinea            18.10%    passed     76.40%
  28  HW02_Berghia_verrucicornis         11.90%    passed     99.98%
  29  HW05_Caloria_elegans               13.97%    passed     57.97%
  30  JG25_Palisa_papillata              29.65%    passed     16.31%
  31  JG10_Dirona_picta                  26.33%    passed     53.00%
  32  HW01_Armina_tigrina                25.89%    passed     83.78%
  33  JG07_Cuthona_albocrusta            29.11%    failed      3.87%
  34  AD45_Lophodoris_danielsseni        20.82%    passed     93.23%
  35  JG14_Eubranchus_rustyus            23.56%    passed     47.55%
  36  JG32_Unidentia_angelvaldesi        21.63%    passed     91.97%
  37  HW07_Cuthona_caerulea              12.73%    passed     41.98%
  38  JG20_Learchis_evelinae             28.04%    passed     87.59%
  39  JG18_Hermissenda_opalescens        25.24%    passed     99.94%
  40  HW19_Polycera_quadrilineata        19.44%    passed     75.61%
  41  AD111_Adalaria_loveni              17.58%    passed     44.96%
  42  JG08_Dendronotus_venustus          23.33%    passed     95.71%
  43  JG29_Spurilla_braziliana           27.54%    passed     72.01%
  44  HW20_Spurilla_neapolitana          23.03%    passed     14.29%
  45  NC07_Tritonia_diomedea             14.73%    passed     98.05%
  46  JG21_Limenandra_confusa            34.62%    passed     36.67%
  47  JG13_Doto_lancei                   44.85%    failed      1.91%
  48  HW09_Doto_sp                       13.73%    passed     83.04%
  49  JG23_Melibe_leonina                24.51%    failed      1.77%
  50  JG12_Dondice_parguerensis          21.53%    passed     99.45%
  51  NC01_Armina_californica            12.29%    passed     91.60%
  52  AD02_Okenia_liklik                 20.48%    passed     88.60%
  53  JG22_Lomanotus_vermiformis         28.99%    passed     94.99%
  54  JG17_Hancockia_uncinata            22.07%    passed     85.72%
  55  JG05_Bornella_anguilla             40.15%    failed      0.66%
  56  JG02_Antaeolidiella_chromosoma     38.48%    passed      5.28%
  57  HW13_Favorinus_branchialis         26.10%    passed     14.03%
  58  JG27_Phidiana_lynceus              25.25%    passed     59.17%
  59  HW06_Cratena_peregrina             18.20%    passed     83.51%
  60  HW15_Flabellina_babai              22.67%    passed     95.85%
  61  AD69_Aegires_punctilucens          21.96%    passed      6.25%
  62  JG28_Scyllaea_fulva                26.13%    passed     51.79%
  63  NC06_Pleurobranchaea_californica   18.98%    passed     78.22%
  64  HW10_Embletonia_pulchra            13.63%    passed     98.24%
  65  JG09_Dermatobranchus_sp            51.97%    failed      0.15%
  66  HW17_Hermissenda_crassicornis      17.13%    passed     99.06%
  67  JG19_Janolus_barbarensis           45.90%    failed      0.09%
  68  JG31_Tritoniopsis_frydis           45.40%    passed     46.56%
  69  HW08_Dendronotus_orientalis        72.00%    failed      0.00%
  70  JG30_Tritonia_festiva              45.79%    failed      0.06%
WARNING: 2 sequences contain more than 50% gaps/ambiguity
****  TOTAL                              25.09%  11 sequences failed composition chi2 test (p-value<5%; df=19)
NOTE: No CharPartition defined, use all CharSets

Loading 209 partitions...
Identifying sites to remove: done in 0.00133052 secs using 99.81% CPU
Identifying sites to remove: done in 0.000594804 secs using 99.7% CPU
Identifying sites to remove: done in 0.000675072 secs using 99.84% CPU
Identifying sites to remove: done in 0.00147869 secs using 99.89% CPU
Identifying sites to remove: done in 0.000272697 secs using 99.38% CPU
Identifying sites to remove: done in 0.000664787 secs using 89.35% CPU
Identifying sites to remove: done in 0.000969724 secs using 89.3% CPU
Identifying sites to remove: done in 0.000890459 secs using 88.94% CPU
Identifying sites to remove: done in 0.000412309 secs using 99.68% CPU
Identifying sites to remove: done in 0.000616259 secs using 93.79% CPU
Identifying sites to remove: done in 0.000180122 secs using 4543% CPU
Identifying sites to remove: done in 0.000736349 secs using 89.63% CPU
Identifying sites to remove: done in 0.000212543 secs using 88.92% CPU
Identifying sites to remove: done in 0.000278089 secs using 99.61% CPU
Identifying sites to remove: done in 0.000369702 secs using 99.54% CPU
Identifying sites to remove: done in 0.000781775 secs using 89.8% CPU
Identifying sites to remove: done in 0.000397123 secs using 89.9% CPU
Subset	Type	Seqs	Sites	Infor	Invar	Model	Name
1	AA	70	453	165	235	MF	3133at6447
2	AA	70	173	70	89	MF	7677at6447
3	AA	70	349	219	86	MF	3966at6447
4	AA	70	335	130	164	MF	6082at6447
5	AA	70	920	407	392	MF	815at6447
6	AA	70	645	195	383	MF	1393at6447
7	AA	70	676	312	190	MF	866at6447
8	AA	69	1313	310	535	MF	134at6447
9	AA	70	509	193	231	MF	9856at6447
10	AA	70	129	61	35	MF	11238at6447
11	AA	70	603	320	172	MF	836at6447
12	AA	70	1245	639	428	MF	399at6447
13	AA	70	456	302	114	MF	2020at6447
14	AA	70	212	127	55	MF	9697at6447
15	AA	70	133	43	69	MF	9869at6447
16	AA	70	570	242	251	MF	1676at6447
17	AA	70	180	96	64	MF	5496at6447
18	AA	70	1176	425	525	MF	619at6447
19	AA	70	715	383	210	MF	958at6447
20	AA	70	401	17	324	MF	2406at6447
21	AA	70	569	130	300	MF	1739at6447
22	AA	70	644	227	315	MF	1650at6447
23	AA	70	478	126	307	MF	3028at6447
24	AA	70	202	104	72	MF	6807at6447
25	AA	70	105	38	53	MF	11657at6447
26	AA	70	670	440	164	MF	606at6447
27	AA	70	571	195	331	MF	3434at6447
28	AA	70	344	203	80	MF	5453at6447
29	AA	70	130	74	41	MF	10944at6447
30	AA	70	904	172	484	MF	794at6447
31	AA	70	156	35	74	MF	9656at6447
32	AA	70	452	145	245	MF	2818at6447
33	AA	70	629	178	323	MF	3652at6447
34	AA	70	123	72	32	MF	8737at6447
35	AA	68	765	493	144	MF	772at6447
36	AA	65	802	414	192	MF	428at6447
37	AA	70	369	176	146	MF	4494at6447
38	AA	70	591	161	350	MF	3491at6447
39	AA	70	192	73	108	MF	6577at6447
40	AA	70	812	265	429	MF	1230at6447
41	AA	70	822	295	407	MF	1657at6447
42	AA	70	165	86	70	MF	8867at6447
43	AA	70	930	319	524	MF	729at6447
44	AA	70	276	80	164	MF	8334at6447
45	AA	70	488	55	392	MF	3414at6447
46	AA	70	735	202	449	MF	999at6447
47	AA	70	162	60	82	MF	9777at6447
48	AA	68	1103	507	377	MF	249at6447
49	AA	69	247	186	40	MF	9333at6447
50	AA	70	929	396	421	MF	549at6447
51	AA	70	1319	158	1066	MF	209at6447
52	AA	70	1411	478	668	MF	613at6447
53	AA	70	691	221	360	MF	2740at6447
54	AA	70	249	195	33	MF	7100at6447
55	AA	70	194	85	65	MF	9900at6447
56	AA	70	207	44	152	MF	7530at6447
57	AA	70	903	478	309	MF	784at6447
58	AA	67	505	312	79	MF	1354at6447
59	AA	66	833	315	392	MF	476at6447
60	AA	70	472	316	61	MF	9463at6447
61	AA	68	683	255	218	MF	507at6447
62	AA	70	545	241	181	MF	1803at6447
63	AA	70	816	386	242	MF	1764at6447
64	AA	70	296	109	120	MF	4340at6447
65	AA	70	786	236	432	MF	755at6447
66	AA	70	1016	552	281	MF	441at6447
67	AA	70	69	34	26	MF	11877at6447
68	AA	69	305	147	108	MF	10940at6447
69	AA	70	917	454	352	MF	1225at6447
70	AA	70	439	286	80	MF	7101at6447
71	AA	70	570	245	249	MF	6094at6447
72	AA	70	348	265	59	MF	4203at6447
73	AA	70	340	183	94	MF	5762at6447
74	AA	70	187	59	109	MF	7184at6447
75	AA	70	307	139	94	MF	6609at6447
76	AA	70	166	79	57	MF	9605at6447
77	AA	70	797	536	113	MF	7343at6447
78	AA	70	781	365	341	MF	1850at6447
79	AA	70	415	286	68	MF	3359at6447
80	AA	70	113	42	60	MF	10883at6447
81	AA	70	128	44	66	MF	7903at6447
82	AA	70	253	74	149	MF	5256at6447
83	AA	68	437	350	44	MF	1100at6447
84	AA	68	152	69	67	MF	8299at6447
85	AA	70	213	76	116	MF	10412at6447
86	AA	70	794	317	347	MF	2893at6447
87	AA	70	283	122	114	MF	6055at6447
88	AA	70	316	117	148	MF	6025at6447
89	AA	70	337	274	41	MF	7902at6447
90	AA	70	1244	762	335	MF	708at6447
91	AA	70	334	170	79	MF	8308at6447
92	AA	70	618	287	240	MF	2821at6447
93	AA	70	543	446	65	MF	2755at6447
94	AA	70	513	245	167	MF	4522at6447
95	AA	70	468	274	133	MF	4881at6447
96	AA	70	746	483	169	MF	2147at6447
97	AA	70	536	280	197	MF	6411at6447
98	AA	70	754	157	476	MF	594at6447
99	AA	70	787	239	433	MF	862at6447
100	AA	70	423	169	196	MF	4701at6447
101	AA	70	480	348	87	MF	2507at6447
102	AA	70	163	64	71	MF	10463at6447
103	AA	70	407	102	260	MF	3108at6447
104	AA	65	710	331	244	MF	315at6447
105	AA	69	188	147	7	MF	10399at6447
106	AA	70	1029	367	508	MF	592at6447
107	AA	70	356	189	125	MF	7742at6447
108	AA	70	218	77	117	MF	7516at6447
109	AA	70	241	64	153	MF	7974at6447
110	AA	70	217	80	94	MF	10060at6447
111	AA	70	110	70	32	MF	11708at6447
112	AA	70	441	233	162	MF	4267at6447
113	AA	70	657	448	104	MF	3127at6447
114	AA	70	135	94	30	MF	9728at6447
115	AA	70	524	294	144	MF	1934at6447
116	AA	70	210	54	116	MF	6812at6447
117	AA	70	462	284	130	MF	2409at6447
118	AA	61	243	199	28	MF	1384at6447
119	AA	70	525	423	57	MF	1892at6447
120	AA	70	203	66	108	MF	9513at6447
121	AA	70	296	140	96	MF	8307at6447
122	AA	70	628	227	323	MF	1812at6447
123	AA	70	545	135	351	MF	2589at6447
124	AA	70	411	278	70	MF	3848at6447
125	AA	70	283	245	26	MF	4500at6447
126	AA	70	633	538	69	MF	1232at6447
127	AA	70	319	107	177	MF	4731at6447
128	AA	69	266	97	146	MF	9368at6447
129	AA	70	353	224	77	MF	7506at6447
130	AA	70	405	276	80	MF	6084at6447
131	AA	70	375	191	130	MF	7319at6447
132	AA	70	457	345	70	MF	4543at6447
133	AA	70	108	70	25	MF	11360at6447
134	AA	70	505	155	302	MF	2232at6447
135	AA	70	294	82	185	MF	4320at6447
136	AA	70	133	108	15	MF	10553at6447
137	AA	70	477	206	207	MF	2738at6447
138	AA	69	577	388	130	MF	916at6447
139	AA	70	215	74	114	MF	7396at6447
140	AA	70	299	109	145	MF	5321at6447
141	AA	70	530	345	126	MF	4223at6447
142	AA	70	355	158	127	MF	3976at6447
143	AA	70	224	89	99	MF	6834at6447
144	AA	70	692	187	433	MF	1797at6447
145	AA	70	279	121	125	MF	6903at6447
146	AA	70	495	413	50	MF	5043at6447
147	AA	70	139	50	75	MF	10683at6447
148	AA	70	551	152	349	MF	1580at6447
149	AA	70	161	67	71	MF	11284at6447
150	AA	70	982	252	638	MF	668at6447
151	AA	70	314	115	158	MF	6669at6447
152	AA	70	321	80	211	MF	4994at6447
153	AA	70	442	247	148	MF	5170at6447
154	AA	69	245	78	140	MF	5197at6447
155	AA	70	724	440	136	MF	11027at6447
156	AA	70	510	160	294	MF	4174at6447
157	AA	70	325	163	112	MF	7013at6447
158	AA	70	428	153	235	MF	2805at6447
159	AA	70	631	371	154	MF	4112at6447
160	AA	70	755	535	163	MF	2892at6447
161	AA	70	173	93	60	MF	11298at6447
162	AA	70	550	269	206	MF	3952at6447
163	AA	70	1328	906	168	MF	1363at6447
164	AA	70	557	279	222	MF	2838at6447
165	AA	70	164	91	46	MF	10880at6447
166	AA	70	1373	901	361	MF	10361at6447
167	AA	70	262	94	119	MF	11274at6447
168	AA	70	498	345	80	MF	5574at6447
169	AA	70	612	412	130	MF	1950at6447
170	AA	70	230	112	96	MF	8469at6447
171	AA	70	670	380	207	MF	3825at6447
172	AA	70	182	97	70	MF	9286at6447
173	AA	70	569	333	143	MF	1315at6447
174	AA	70	295	95	157	MF	5493at6447
175	AA	70	276	112	138	MF	6178at6447
176	AA	70	304	170	97	MF	8929at6447
177	AA	70	320	180	97	MF	7002at6447
178	AA	70	150	112	24	MF	9021at6447
179	AA	70	160	117	23	MF	10643at6447
180	AA	70	222	98	98	MF	8427at6447
181	AA	70	260	137	95	MF	7570at6447
182	AA	70	232	140	70	MF	8528at6447
183	AA	70	125	71	35	MF	11435at6447
184	AA	70	514	295	131	MF	4152at6447
185	AA	70	227	137	68	MF	11400at6447
186	AA	70	320	232	61	MF	5774at6447
187	AA	70	721	206	453	MF	979at6447
188	AA	70	278	189	60	MF	9881at6447
189	AA	70	132	72	38	MF	11363at6447
190	AA	70	881	529	214	MF	1077at6447
191	AA	70	329	187	118	MF	11265at6447
192	AA	70	208	59	141	MF	7246at6447
193	AA	70	201	113	44	MF	7015at6447
194	AA	70	442	285	105	MF	7867at6447
195	AA	70	967	472	370	MF	665at6447
196	AA	70	195	76	103	MF	6078at6447
197	AA	70	538	196	277	MF	2342at6447
198	AA	70	102	64	20	MF	11607at6447
199	AA	70	310	174	80	MF	9596at6447
200	AA	70	397	270	82	MF	3661at6447
201	AA	70	285	149	111	MF	5164at6447
202	AA	70	170	109	44	MF	10009at6447
203	AA	70	196	154	31	MF	8872at6447
204	AA	70	123	51	62	MF	10019at6447
205	AA	70	239	135	49	MF	10646at6447
206	AA	70	189	104	55	MF	8101at6447
207	AA	70	669	346	236	MF	1464at6447
208	AA	70	297	112	147	MF	4423at6447
209	AA	70	101	75	16	MF	11434at6447
Degree of missing data: 0.004
Info: multi-threading strategy over partitions



Create initial parsimony tree by phylogenetic likelihood library (PLL)... 2.896 seconds
Perform fast likelihood tree search using LG+I+G model...
Estimate model parameters (epsilon = 5.000)
Initial log-likelihood: -2520165.487
